Building DAG of jobs...
Using shell: /usr/bin/bash
Provided cores: 8
Rules claiming more threads will be scaled down.
Job stats:
job      count
-----  -------
clean        1
total        1

Select jobs to execute...
Execute 1 jobs...

[Wed Apr  3 11:08:35 2024]
localrule clean:
    jobid: 0
    reason: Rules with neither input nor output files are always executed.
    resources: tmpdir=/tmp

[Wed Apr  3 11:08:35 2024]
Finished job 0.
1 of 1 steps (100%) done
Complete log: .snakemake/log/2024-04-03T110835.603752.snakemake.log
