Building DAG of jobs...
Using shell: /usr/bin/bash
Provided cores: 8
Rules claiming more threads will be scaled down.
Job stats:
job               count
--------------  -------
all                   1
count_words           7
create_archive        1
make_plot             7
zipf_test             1
total                17

Select jobs to execute...
Execute 2 jobs...

[Wed Apr  3 12:32:21 2024]
localrule count_words:
    input: ../wordcount.py, ../../data/jane_eyre.txt
    output: ../../results/dats/jane_eyre.dat
    jobid: 5
    reason: Missing output files: ../../results/dats/jane_eyre.dat
    wildcards: book=/jane_eyre
    threads: 4
    resources: tmpdir=/tmp


        echo "hello"
        'python ../wordcount.py ../../data/jane_eyre.txt ../../results/dats/jane_eyre.dat'
        

[Wed Apr  3 12:32:21 2024]
localrule count_words:
    input: ../wordcount.py, ../../data/moby_dick.txt
    output: ../../results/dats/moby_dick.dat
    jobid: 6
    reason: Missing output files: ../../results/dats/moby_dick.dat
    wildcards: book=/moby_dick
    threads: 4
    resources: tmpdir=/tmp


        echo "hello"
        'python ../wordcount.py ../../data/moby_dick.txt ../../results/dats/moby_dick.dat'
        
[Wed Apr  3 12:32:21 2024]
Error in rule count_words:
    jobid: 5
    input: ../wordcount.py, ../../data/jane_eyre.txt
    output: ../../results/dats/jane_eyre.dat
    shell:
        
        echo "hello"
        'python ../wordcount.py ../../data/jane_eyre.txt ../../results/dats/jane_eyre.dat'
        
        (one of the commands exited with non-zero exit code; note that snakemake uses bash strict mode!)

[Wed Apr  3 12:32:21 2024]
Error in rule count_words:
    jobid: 6
    input: ../wordcount.py, ../../data/moby_dick.txt
    output: ../../results/dats/moby_dick.dat
    shell:
        
        echo "hello"
        'python ../wordcount.py ../../data/moby_dick.txt ../../results/dats/moby_dick.dat'
        
        (one of the commands exited with non-zero exit code; note that snakemake uses bash strict mode!)

Shutting down, this might take some time.
Exiting because a job execution failed. Look above for error message
Complete log: .snakemake/log/2024-04-03T123221.108298.snakemake.log
WorkflowError:
At least one job did not complete successfully.
