Building DAG of jobs...
Using shell: /usr/bin/bash
Provided cores: 8
Rules claiming more threads will be scaled down.
Job stats:
job               count
--------------  -------
all                   1
count_words           7
create_archive        1
make_plot             7
zipf_test             1
total                17

Select jobs to execute...
Execute 2 jobs...

[Wed Apr  3 12:33:40 2024]
localrule count_words:
    input: ../wordcount.py, ../../data/jane_eyre.txt
    output: ../../results/dats/jane_eyre.dat
    jobid: 5
    reason: Missing output files: ../../results/dats/jane_eyre.dat
    wildcards: book=/jane_eyre
    threads: 4
    resources: tmpdir=/tmp


        echo "hello"
        python ../wordcount.py ../../data/jane_eyre.txt ../../results/dats/jane_eyre.dat
        

[Wed Apr  3 12:33:40 2024]
localrule count_words:
    input: ../wordcount.py, ../../data/moby_dick.txt
    output: ../../results/dats/moby_dick.dat
    jobid: 6
    reason: Missing output files: ../../results/dats/moby_dick.dat
    wildcards: book=/moby_dick
    threads: 4
    resources: tmpdir=/tmp


        echo "hello"
        python ../wordcount.py ../../data/moby_dick.txt ../../results/dats/moby_dick.dat
        
[Wed Apr  3 12:33:40 2024]
Finished job 5.
1 of 17 steps (6%) done
Select jobs to execute...
Execute 1 jobs...

[Wed Apr  3 12:33:40 2024]
localrule count_words:
    input: ../wordcount.py, ../../data/dracula.txt
    output: ../../results/dats/dracula.dat
    jobid: 3
    reason: Missing output files: ../../results/dats/dracula.dat; Code has changed since last execution
    wildcards: book=/dracula
    threads: 4
    resources: tmpdir=/tmp


        echo "hello"
        python ../wordcount.py ../../data/dracula.txt ../../results/dats/dracula.dat
        
[Wed Apr  3 12:33:40 2024]
Finished job 6.
2 of 17 steps (12%) done
Select jobs to execute...
Execute 1 jobs...

[Wed Apr  3 12:33:40 2024]
localrule count_words:
    input: ../wordcount.py, ../../data/sense_and_sensibility.txt
    output: ../../results/dats/sense_and_sensibility.dat
    jobid: 7
    reason: Missing output files: ../../results/dats/sense_and_sensibility.dat; Code has changed since last execution
    wildcards: book=/sense_and_sensibility
    threads: 4
    resources: tmpdir=/tmp


        echo "hello"
        python ../wordcount.py ../../data/sense_and_sensibility.txt ../../results/dats/sense_and_sensibility.dat
        
[Wed Apr  3 12:33:40 2024]
Finished job 3.
3 of 17 steps (18%) done
Select jobs to execute...
Execute 3 jobs...

[Wed Apr  3 12:33:40 2024]
localrule make_plot:
    input: ../plotcount.py, ../../results/dats/jane_eyre.dat
    output: ../../results/plots/jane_eyre.png
    jobid: 12
    reason: Missing output files: ../../results/plots/jane_eyre.png; Input files updated by another job: ../../results/dats/jane_eyre.dat
    wildcards: book=/jane_eyre
    resources: tmpdir=/tmp

python ../plotcount.py ../../results/dats/jane_eyre.dat ../../results/plots/jane_eyre.png

[Wed Apr  3 12:33:40 2024]
localrule make_plot:
    input: ../plotcount.py, ../../results/dats/moby_dick.dat
    output: ../../results/plots/moby_dick.png
    jobid: 13
    reason: Missing output files: ../../results/plots/moby_dick.png; Input files updated by another job: ../../results/dats/moby_dick.dat
    wildcards: book=/moby_dick
    resources: tmpdir=/tmp

python ../plotcount.py ../../results/dats/moby_dick.dat ../../results/plots/moby_dick.png

[Wed Apr  3 12:33:40 2024]
localrule make_plot:
    input: ../plotcount.py, ../../results/dats/dracula.dat
    output: ../../results/plots/dracula.png
    jobid: 10
    reason: Missing output files: ../../results/plots/dracula.png; Input files updated by another job: ../../results/dats/dracula.dat
    wildcards: book=/dracula
    resources: tmpdir=/tmp

python ../plotcount.py ../../results/dats/dracula.dat ../../results/plots/dracula.png
[Wed Apr  3 12:33:40 2024]
Finished job 7.
4 of 17 steps (24%) done
Select jobs to execute...
Execute 2 jobs...

[Wed Apr  3 12:33:40 2024]
localrule make_plot:
    input: ../plotcount.py, ../../results/dats/sense_and_sensibility.dat
    output: ../../results/plots/sense_and_sensibility.png
    jobid: 14
    reason: Missing output files: ../../results/plots/sense_and_sensibility.png; Input files updated by another job: ../../results/dats/sense_and_sensibility.dat
    wildcards: book=/sense_and_sensibility
    resources: tmpdir=/tmp

python ../plotcount.py ../../results/dats/sense_and_sensibility.dat ../../results/plots/sense_and_sensibility.png

[Wed Apr  3 12:33:40 2024]
localrule count_words:
    input: ../wordcount.py, ../../data/sherlock_holmes.txt
    output: ../../results/dats/sherlock_holmes.dat
    jobid: 8
    reason: Missing output files: ../../results/dats/sherlock_holmes.dat; Code has changed since last execution
    wildcards: book=/sherlock_holmes
    threads: 4
    resources: tmpdir=/tmp


        echo "hello"
        python ../wordcount.py ../../data/sherlock_holmes.txt ../../results/dats/sherlock_holmes.dat
        
[Wed Apr  3 12:33:40 2024]
Finished job 8.
5 of 17 steps (29%) done
Select jobs to execute...
Execute 1 jobs...

[Wed Apr  3 12:33:40 2024]
localrule count_words:
    input: ../wordcount.py, ../../data/frankenstein.txt
    output: ../../results/dats/frankenstein.dat
    jobid: 4
    reason: Missing output files: ../../results/dats/frankenstein.dat; Code has changed since last execution
    wildcards: book=/frankenstein
    threads: 4
    resources: tmpdir=/tmp


        echo "hello"
        python ../wordcount.py ../../data/frankenstein.txt ../../results/dats/frankenstein.dat
        
[Wed Apr  3 12:33:41 2024]
Finished job 4.
6 of 17 steps (35%) done
Select jobs to execute...
Execute 2 jobs...

[Wed Apr  3 12:33:41 2024]
localrule make_plot:
    input: ../plotcount.py, ../../results/dats/frankenstein.dat
    output: ../../results/plots/frankenstein.png
    jobid: 11
    reason: Missing output files: ../../results/plots/frankenstein.png; Input files updated by another job: ../../results/dats/frankenstein.dat
    wildcards: book=/frankenstein
    resources: tmpdir=/tmp

python ../plotcount.py ../../results/dats/frankenstein.dat ../../results/plots/frankenstein.png

[Wed Apr  3 12:33:41 2024]
localrule make_plot:
    input: ../plotcount.py, ../../results/dats/sherlock_holmes.dat
    output: ../../results/plots/sherlock_holmes.png
    jobid: 15
    reason: Missing output files: ../../results/plots/sherlock_holmes.png; Input files updated by another job: ../../results/dats/sherlock_holmes.dat
    wildcards: book=/sherlock_holmes
    resources: tmpdir=/tmp

python ../plotcount.py ../../results/dats/sherlock_holmes.dat ../../results/plots/sherlock_holmes.png
[Wed Apr  3 12:33:41 2024]
Finished job 12.
7 of 17 steps (41%) done
Select jobs to execute...
[Wed Apr  3 12:33:41 2024]
Finished job 10.
8 of 17 steps (47%) done
Execute 1 jobs...

[Wed Apr  3 12:33:41 2024]
localrule count_words:
    input: ../wordcount.py, ../../data/time_machine.txt
    output: ../../results/dats/time_machine.dat
    jobid: 9
    reason: Missing output files: ../../results/dats/time_machine.dat; Code has changed since last execution
    wildcards: book=/time_machine
    threads: 4
    resources: tmpdir=/tmp


        echo "hello"
        python ../wordcount.py ../../data/time_machine.txt ../../results/dats/time_machine.dat
        
[Wed Apr  3 12:33:41 2024]
Finished job 15.
9 of 17 steps (53%) done
[Wed Apr  3 12:33:41 2024]
Finished job 9.
10 of 17 steps (59%) done
Select jobs to execute...
Execute 2 jobs...

[Wed Apr  3 12:33:41 2024]
localrule make_plot:
    input: ../plotcount.py, ../../results/dats/time_machine.dat
    output: ../../results/plots/time_machine.png
    jobid: 16
    reason: Missing output files: ../../results/plots/time_machine.png; Input files updated by another job: ../../results/dats/time_machine.dat
    wildcards: book=/time_machine
    resources: tmpdir=/tmp

python ../plotcount.py ../../results/dats/time_machine.dat ../../results/plots/time_machine.png

[Wed Apr  3 12:33:41 2024]
localrule zipf_test:
    input: ../zipf_test.py, ../../results/dats/dracula.dat, ../../results/dats/frankenstein.dat, ../../results/dats/jane_eyre.dat, ../../results/dats/moby_dick.dat, ../../results/dats/sense_and_sensibility.dat, ../../results/dats/sherlock_holmes.dat, ../../results/dats/time_machine.dat
    output: ../../results/results.txt
    jobid: 2
    reason: Missing output files: ../../results/results.txt; Input files updated by another job: ../../results/dats/frankenstein.dat, ../../results/dats/sense_and_sensibility.dat, ../../results/dats/jane_eyre.dat, ../../results/dats/sherlock_holmes.dat, ../../results/dats/moby_dick.dat, ../../results/dats/dracula.dat, ../../results/dats/time_machine.dat
    resources: tmpdir=/tmp

python ../zipf_test.py ../../results/dats/dracula.dat ../../results/dats/frankenstein.dat ../../results/dats/jane_eyre.dat ../../results/dats/moby_dick.dat ../../results/dats/sense_and_sensibility.dat ../../results/dats/sherlock_holmes.dat ../../results/dats/time_machine.dat > ../../results/results.txt
[Wed Apr  3 12:33:42 2024]
Finished job 14.
11 of 17 steps (65%) done
[Wed Apr  3 12:33:42 2024]
Finished job 13.
12 of 17 steps (71%) done
[Wed Apr  3 12:33:42 2024]
Finished job 2.
13 of 17 steps (76%) done
[Wed Apr  3 12:33:42 2024]
Finished job 11.
14 of 17 steps (82%) done
[Wed Apr  3 12:33:42 2024]
Finished job 16.
15 of 17 steps (88%) done
Select jobs to execute...
Execute 1 jobs...

[Wed Apr  3 12:33:42 2024]
localrule create_archive:
    input: ../../results/results.txt, ../../results/dats/dracula.dat, ../../results/dats/frankenstein.dat, ../../results/dats/jane_eyre.dat, ../../results/dats/moby_dick.dat, ../../results/dats/sense_and_sensibility.dat, ../../results/dats/sherlock_holmes.dat, ../../results/dats/time_machine.dat, ../../results/plots/dracula.png, ../../results/plots/frankenstein.png, ../../results/plots/jane_eyre.png, ../../results/plots/moby_dick.png, ../../results/plots/sense_and_sensibility.png, ../../results/plots/sherlock_holmes.png, ../../results/plots/time_machine.png
    output: ../../results/zipf_analysis.tar.gz
    jobid: 1
    reason: Missing output files: ../../results/zipf_analysis.tar.gz; Input files updated by another job: ../../results/dats/frankenstein.dat, ../../results/plots/sense_and_sensibility.png, ../../results/plots/frankenstein.png, ../../results/plots/jane_eyre.png, ../../results/plots/moby_dick.png, ../../results/results.txt, ../../results/dats/moby_dick.dat, ../../results/plots/time_machine.png, ../../results/dats/sense_and_sensibility.dat, ../../results/plots/dracula.png, ../../results/dats/jane_eyre.dat, ../../results/dats/sherlock_holmes.dat, ../../results/plots/sherlock_holmes.png, ../../results/dats/dracula.dat, ../../results/dats/time_machine.dat
    resources: tmpdir=/tmp

tar -czvf ../../results/zipf_analysis.tar.gz ../../results/results.txt ../../results/dats/dracula.dat ../../results/dats/frankenstein.dat ../../results/dats/jane_eyre.dat ../../results/dats/moby_dick.dat ../../results/dats/sense_and_sensibility.dat ../../results/dats/sherlock_holmes.dat ../../results/dats/time_machine.dat ../../results/plots/dracula.png ../../results/plots/frankenstein.png ../../results/plots/jane_eyre.png ../../results/plots/moby_dick.png ../../results/plots/sense_and_sensibility.png ../../results/plots/sherlock_holmes.png ../../results/plots/time_machine.png
[Wed Apr  3 12:33:42 2024]
Finished job 1.
16 of 17 steps (94%) done
Select jobs to execute...
Execute 1 jobs...

[Wed Apr  3 12:33:42 2024]
localrule all:
    input: ../../results/zipf_analysis.tar.gz
    jobid: 0
    reason: Input files updated by another job: ../../results/zipf_analysis.tar.gz
    resources: tmpdir=/tmp

[Wed Apr  3 12:33:42 2024]
Finished job 0.
17 of 17 steps (100%) done
Complete log: .snakemake/log/2024-04-03T123340.610717.snakemake.log
