Building DAG of jobs...
Using shell: /usr/bin/bash
Provided cores: 8
Rules claiming more threads will be scaled down.
Job stats:
job            count
-----------  -------
count_words        1
total              1

Select jobs to execute...
Execute 1 jobs...

[Sun Mar  3 15:30:44 2024]
localrule count_words:
    input: ../data/dracula.txt
    output: ../data/dracula.dat
    jobid: 0
    reason: Missing output files: ../data/dracula.dat
    resources: tmpdir=/tmp

[Sun Mar  3 15:30:44 2024]
Finished job 0.
1 of 1 steps (100%) done
Complete log: .snakemake/log/2024-03-03T153044.591897.snakemake.log
