Building DAG of jobs...
Using shell: /usr/bin/bash
Provided cores: 8
Rules claiming more threads will be scaled down.
Job stats:
job                      count
---------------------  -------
count_words_moby_dick        1
total                        1

Select jobs to execute...
Execute 1 jobs...

[Sun Mar  3 16:13:43 2024]
localrule count_words_moby_dick:
    input: ../data/moby_dick.txt
    output: ../data/moby.dat
    jobid: 0
    reason: Missing output files: ../data/moby.dat
    resources: tmpdir=/tmp

[Sun Mar  3 16:13:43 2024]
Error in rule count_words_moby_dick:
    jobid: 0
    input: ../data/moby_dick.txt
    output: ../data/moby.dat
    shell:
        python wordcount.py ../data/moby_dick.txt ..data/moby.dat
        (one of the commands exited with non-zero exit code; note that snakemake uses bash strict mode!)

Shutting down, this might take some time.
Exiting because a job execution failed. Look above for error message
Complete log: .snakemake/log/2024-03-03T161343.347547.snakemake.log
WorkflowError:
At least one job did not complete successfully.
